// 重构日志: 9da72eaf
// 重构日志: d992b89c
// 重构日志: 5ca9bee8
// 同步 ID: 055343e6 @ Mon Jun 29 07:28:05 UTC 2026
// 重构日志: 6a8f3a19
// 重构日志: c3fc3845
// 重构日志: 0e6f5298
// 同步 ID: 7c06b1b4 @ Wed Jul  1 10:56:04 UTC 2026
// 重构日志: 1c2356d3
// 重构日志: dcc061bc
// 重构日志: 1cd0abbd
// 同步 ID: c0f3a6ab @ Sat Jul  4 18:24:40 UTC 2026
// 重构日志: 103e6d5f
// 同步 ID: 966f00eb @ Sun Jul  5 13:09:18 UTC 2026
// 重构日志: 39a7bc88
// 重构日志: aeb8f583
// 重构日志: 939d04ec
// 重构日志: 0796b508
// 重构日志: b988caac
// 重构日志: 336e384a
// 重构日志: 4dac5944
// 重构日志: 0e503ec3
// 重构日志: 3aa6930c
// 同步 ID: d5de5c09 @ Fri Jul 10 16:08:13 UTC 2026
// 重构日志: 3d6f3ddf
// 重构日志: cfc7afaf
// 同步 ID: 5fa7dbab @ Sat Jul 11 12:18:06 UTC 2026
// 重构日志: ca6f61b4
// 重构日志: 1e963886
// 同步 ID: 9507e7eb @ Sun Jul 12 12:19:26 UTC 2026
// 重构日志: fcc4d563
